<?xml version="1.0" encoding="UTF-8"?>
<testng-results skipped="0" failed="0" ignored="0" total="1" passed="1">
  <reporter-output>
  </reporter-output>
  <suite name="Default suite" duration-ms="29" started-at="2018-11-29T14:27:36Z" finished-at="2018-11-29T14:27:36Z">
    <groups>
    </groups>
    <test name="Default test" duration-ms="29" started-at="2018-11-29T14:27:36Z" finished-at="2018-11-29T14:27:36Z">
      <class name="com.qa.tests.TestFile">
        <test-method status="PASS" signature="testman()[pri:0, instance:com.qa.tests.TestFile@100fc185]" name="testman" duration-ms="8" started-at="2018-11-29T14:27:36Z" finished-at="2018-11-29T14:27:36Z">
          <reporter-output>
          </reporter-output>
        </test-method> <!-- testman -->
      </class> <!-- com.qa.tests.TestFile -->
    </test> <!-- Default test -->
  </suite> <!-- Default suite -->
</testng-results>
